<?xml version="1.0"?>
<component name="org.nuxeo.training.bulk.scroll.contrib.test">
  <extension point="scroll" target="org.nuxeo.ecm.core.scroll.service">
    <scroll type="generic" name="myFileScroll" class="org.nxueo.ecm.core.scroll.MyFileScroll" />
  </extension>
</component>
